# JRE version: OpenJDK Runtime Environment Corretto-11.0.16.9.1 (11.0.16.1+9) (build 11.0.16.1+9-LTS)
# Java VM: OpenJDK 64-Bit Server VM Corretto-11.0.16.9.1 (11.0.16.1+9-LTS, mixed mode, tiered, compressed oops, g1 gc, windows-amd64)
Heap:
 garbage-first heap   total 524288K, used 287614K [0x0000000740000000, 0x0000000800000000)
  region size 32768K, 5 young (163840K), 1 survivors (32768K)
 Metaspace       used 55712K, capacity 58790K, committed 58932K, reserved 1099776K
  class space    used 7681K, capacity 8979K, committed 9092K, reserved 1048576K
GC Heap History (20 events):
Event: 58.823 GC heap before
{Heap before GC invocations=153 (full 0):
 garbage-first heap   total 524288K, used 302757K [0x0000000740000000, 0x0000000800000000)
  region size 32768K, 5 young (163840K), 1 survivors (32768K)
 Metaspace       used 55410K, capacity 58474K, committed 58548K, reserved 1099776K
  class space    used 7644K, capacity 8927K, committed 8964K, reserved 1048576K
}
Event: 58.824 GC heap after
{Heap after GC invocations=154 (full 0):
 garbage-first heap   total 524288K, used 171556K [0x0000000740000000, 0x0000000800000000)
  region size 32768K, 1 young (32768K), 1 survivors (32768K)
 Metaspace       used 55410K, capacity 58474K, committed 58548K, reserved 1099776K
  class space    used 7644K, capacity 8927K, committed 8964K, reserved 1048576K
}
Event: 59.306 GC heap before
{Heap before GC invocations=154 (full 0):
 garbage-first heap   total 524288K, used 302628K [0x0000000740000000, 0x0000000800000000)
  region size 32768K, 5 young (163840K), 1 survivors (32768K)
 Metaspace       used 55410K, capacity 58474K, committed 58548K, reserved 1099776K
  class space    used 7644K, capacity 8927K, committed 8964K, reserved 1048576K
}
Event: 59.307 GC heap after
{Heap after GC invocations=155 (full 0):
 garbage-first heap   total 524288K, used 171719K [0x0000000740000000, 0x0000000800000000)
  region size 32768K, 1 young (32768K), 1 survivors (32768K)
 Metaspace       used 55410K, capacity 58474K, committed 58548K, reserved 1099776K
  class space    used 7644K, capacity 8927K, committed 8964K, reserved 1048576K
}
Event: 59.805 GC heap before
{Heap before GC invocations=155 (full 0):
 garbage-first heap   total 524288K, used 302791K [0x0000000740000000, 0x0000000800000000)
  region size 32768K, 5 young (163840K), 1 survivors (32768K)
 Metaspace       used 55426K, capacity 58481K, committed 58548K, reserved 1099776K
  class space    used 7645K, capacity 8928K, committed 8964K, reserved 1048576K
}
Event: 59.806 GC heap after
{Heap after GC invocations=156 (full 0):
 garbage-first heap   total 524288K, used 171427K [0x0000000740000000, 0x0000000800000000)
  region size 32768K, 1 young (32768K), 1 survivors (32768K)
 Metaspace       used 55426K, capacity 58481K, committed 58548K, reserved 1099776K
  class space    used 7645K, capacity 8928K, committed 8964K, reserved 1048576K
}
Event: 60.267 GC heap before
{Heap before GC invocations=156 (full 0):
 garbage-first heap   total 524288K, used 302499K [0x0000000740000000, 0x0000000800000000)
  region size 32768K, 5 young (163840K), 1 survivors (32768K)
 Metaspace       used 55438K, capacity 58489K, committed 58548K, reserved 1099776K
  class space    used 7645K, capacity 8929K, committed 8964K, reserved 1048576K
}
Event: 60.268 GC heap after
{Heap after GC invocations=157 (full 0):
 garbage-first heap   total 524288K, used 172576K [0x0000000740000000, 0x0000000800000000)
  region size 32768K, 1 young (32768K), 1 survivors (32768K)
 Metaspace       used 55438K, capacity 58489K, committed 58548K, reserved 1099776K
  class space    used 7645K, capacity 8929K, committed 8964K, reserved 1048576K
}
Event: 60.738 GC heap before
{Heap before GC invocations=157 (full 0):
 garbage-first heap   total 524288K, used 303648K [0x0000000740000000, 0x0000000800000000)
  region size 32768K, 5 young (163840K), 1 survivors (32768K)
 Metaspace       used 55438K, capacity 58489K, committed 58548K, reserved 1099776K
  class space    used 7645K, capacity 8929K, committed 8964K, reserved 1048576K
}
Event: 60.739 GC heap after
{Heap after GC invocations=158 (full 0):
 garbage-first heap   total 524288K, used 172362K [0x0000000740000000, 0x0000000800000000)
  region size 32768K, 1 young (32768K), 1 survivors (32768K)
 Metaspace       used 55438K, capacity 58489K, committed 58548K, reserved 1099776K
  class space    used 7645K, capacity 8929K, committed 8964K, reserved 1048576K
}
Event: 61.204 GC heap before
{Heap before GC invocations=158 (full 0):
 garbage-first heap   total 524288K, used 303434K [0x0000000740000000, 0x0000000800000000)
  region size 32768K, 5 young (163840K), 1 survivors (32768K)
 Metaspace       used 55447K, capacity 58489K, committed 58548K, reserved 1099776K
  class space    used 7645K, capacity 8929K, committed 8964K, reserved 1048576K
}
Event: 61.205 GC heap after
{Heap after GC invocations=159 (full 0):
 garbage-first heap   total 524288K, used 172648K [0x0000000740000000, 0x0000000800000000)
  region size 32768K, 1 young (32768K), 1 survivors (32768K)
 Metaspace       used 55447K, capacity 58489K, committed 58548K, reserved 1099776K
  class space    used 7645K, capacity 8929K, committed 8964K, reserved 1048576K
}
Event: 61.701 GC heap before
{Heap before GC invocations=159 (full 0):
 garbage-first heap   total 524288K, used 303720K [0x0000000740000000, 0x0000000800000000)
  region size 32768K, 5 young (163840K), 1 survivors (32768K)
 Metaspace       used 55452K, capacity 58491K, committed 58548K, reserved 1099776K
  class space    used 7645K, capacity 8929K, committed 8964K, reserved 1048576K
}
Event: 61.702 GC heap after
{Heap after GC invocations=160 (full 0):
 garbage-first heap   total 524288K, used 173005K [0x0000000740000000, 0x0000000800000000)
  region size 32768K, 1 young (32768K), 1 survivors (32768K)
 Metaspace       used 55452K, capacity 58491K, committed 58548K, reserved 1099776K
  class space    used 7645K, capacity 8929K, committed 8964K, reserved 1048576K
}
Event: 62.206 GC heap before
{Heap before GC invocations=160 (full 0):
 garbage-first heap   total 524288K, used 304077K [0x0000000740000000, 0x0000000800000000)
  region size 32768K, 5 young (163840K), 1 survivors (32768K)
 Metaspace       used 55499K, capacity 58556K, committed 58804K, reserved 1099776K
  class space    used 7658K, capacity 8951K, committed 8964K, reserved 1048576K
}
Event: 62.209 GC heap after
{Heap after GC invocations=161 (full 0):
 garbage-first heap   total 524288K, used 178768K [0x0000000740000000, 0x0000000800000000)
  region size 32768K, 1 young (32768K), 1 survivors (32768K)
 Metaspace       used 55499K, capacity 58556K, committed 58804K, reserved 1099776K
  class space    used 7658K, capacity 8951K, committed 8964K, reserved 1048576K
}
Event: 62.271 GC heap before
{Heap before GC invocations=161 (full 0):
 garbage-first heap   total 524288K, used 309840K [0x0000000740000000, 0x0000000800000000)
  region size 32768K, 5 young (163840K), 1 survivors (32768K)
 Metaspace       used 55587K, capacity 58634K, committed 58804K, reserved 1099776K
  class space    used 7665K, capacity 8956K, committed 8964K, reserved 1048576K
}
Event: 62.274 GC heap after
{Heap after GC invocations=162 (full 0):
 garbage-first heap   total 524288K, used 179131K [0x0000000740000000, 0x0000000800000000)
  region size 32768K, 1 young (32768K), 1 survivors (32768K)
 Metaspace       used 55587K, capacity 58634K, committed 58804K, reserved 1099776K
  class space    used 7665K, capacity 8956K, committed 8964K, reserved 1048576K
}
Event: 62.423 GC heap before
{Heap before GC invocations=162 (full 0):
 garbage-first heap   total 524288K, used 310203K [0x0000000740000000, 0x0000000800000000)
  region size 32768K, 5 young (163840K), 1 survivors (32768K)
 Metaspace       used 55670K, capacity 58777K, committed 58932K, reserved 1099776K
  class space    used 7680K, capacity 8977K, committed 9092K, reserved 1048576K
}
Event: 62.429 GC heap after
{Heap after GC invocations=163 (full 0):
 garbage-first heap   total 524288K, used 189310K [0x0000000740000000, 0x0000000800000000)
  region size 32768K, 1 young (32768K), 1 survivors (32768K)
 Metaspace       used 55670K, capacity 58777K, committed 58932K, reserved 1099776K
  class space    used 7680K, capacity 8977K, committed 9092K, reserved 1048576K
}

